Running on cuda.
Loading data...
Power before norm: 455.0789
Power after norm: 455.0789
Data Irreps: 286x0e+260x1e+260x2e+234x3e+234x4e+208x5e+208x6e+182x7e+182x8e
16926 286x0e+260x1e+260x2e+234x3e+234x4e+208x5e+208x6e+182x7e+182x8e
2430 30x0e+30x1e+30x2e+30x3e+30x4e+30x5e+30x6e+30x7e+30x8e
1.0
750 30x0e+30x1e+30x2e+30x3e+30x4e
1.0
1500 60x0e+60x1e+60x2e+60x3e+60x4e
1.0
810 90x0e+90x1e+90x2e
1.0
120 120x0e
There are 350542 parameters
Epoch 1/5
1/18:	Train loss 0.1912639366351068 - Valid loss 0.12618141612846012 -- Time (s): 86.19711422920227
2/18:	Train loss 0.10445172701776027 - Valid loss 0.10599222704427971 -- Time (s): 84.94383502006531
3/18:	Train loss 0.09675277819484472 - Valid loss 0.10163375842448784 -- Time (s): 86.70120191574097
4/18:	Train loss 0.09354688506945967 - Valid loss 0.09846177477746794 -- Time (s): 86.29299235343933
5/18:	Train loss 0.09102520310878753 - Valid loss 0.09988561168857361 -- Time (s): 85.67707586288452
6/18:	Train loss 0.09032559842988849 - Valid loss 0.0965449148151156 -- Time (s): 84.81011581420898
7/18:	Train loss 0.08954711912572384 - Valid loss 0.09673401500740553 -- Time (s): 84.41637825965881
8/18:	Train loss 0.08993608336150646 - Valid loss 0.09522917041699636 -- Time (s): 84.67113137245178
9/18:	Train loss 0.088560263434425 - Valid loss 0.09902592906600809 -- Time (s): 85.30649065971375
10/18:	Train loss 0.08915544416569174 - Valid loss 0.09497962056842024 -- Time (s): 86.05869030952454
11/18:	Train loss 0.0872560855448246 - Valid loss 0.09467706079148266 -- Time (s): 85.79456496238708
12/18:	Train loss 0.08714960326254367 - Valid loss 0.09372231694253068 -- Time (s): 86.29228353500366
13/18:	Train loss 0.08722869337163866 - Valid loss 0.09450062212946753 -- Time (s): 86.1285605430603
14/18:	Train loss 0.08706092091649771 - Valid loss 0.09395027773021018 -- Time (s): 86.2875919342041
15/18:	Train loss 0.08614979561418296 - Valid loss 0.09309335930706704 -- Time (s): 86.35341811180115
16/18:	Train loss 0.0861077789105475 - Valid loss 0.09234194938926936 -- Time (s): 86.69687676429749
17/18:	Train loss 0.08588905150257051 - Valid loss 0.09456585465875118 -- Time (s): 86.27178812026978
18/18:	Train loss 0.08582032519452115 - Valid loss 0.0945202045346776 -- Time (s): 24.2874915599823
Epoch 2/5
1/18:	Train loss 0.08438354272209107 - Valid loss 0.09406578027086171 -- Time (s): 86.2948808670044
2/18:	Train loss 0.08420111847296358 - Valid loss 0.09315510606180587 -- Time (s): 86.31997919082642
3/18:	Train loss 0.08534604179672897 - Valid loss 0.09305161191788439 -- Time (s): 86.82689142227173
4/18:	Train loss 0.08403192604891956 - Valid loss 0.09277952950634913 -- Time (s): 86.47069883346558
5/18:	Train loss 0.08513833510316908 - Valid loss 0.09636207282134931 -- Time (s): 86.31613063812256
6/18:	Train loss 0.0826137394849211 - Valid loss 0.09220180993891197 -- Time (s): 86.37157773971558
7/18:	Train loss 0.08402438754588365 - Valid loss 0.09215130941032275 -- Time (s): 86.4724051952362
8/18:	Train loss 0.08494305578805507 - Valid loss 0.09226055834527429 -- Time (s): 86.11013865470886
9/18:	Train loss 0.08404790323041379 - Valid loss 0.09175124999186764 -- Time (s): 85.97954654693604
10/18:	Train loss 0.08415727590955793 - Valid loss 0.0929904036547087 -- Time (s): 85.73463106155396
11/18:	Train loss 0.08470468887127935 - Valid loss 0.09155314803531725 -- Time (s): 86.38205146789551
12/18:	Train loss 0.08414469544030725 - Valid loss 0.09210411635265775 -- Time (s): 86.28112053871155
13/18:	Train loss 0.08376527627930046 - Valid loss 0.09231916934115701 -- Time (s): 86.08685803413391
14/18:	Train loss 0.08388467064872385 - Valid loss 0.0913859980529574 -- Time (s): 86.15699505805969
15/18:	Train loss 0.08280079734884202 - Valid loss 0.09286803731771365 -- Time (s): 86.28309941291809
16/18:	Train loss 0.0819990096706897 - Valid loss 0.09188930943744368 -- Time (s): 85.82222151756287
17/18:	Train loss 0.08286364315077663 - Valid loss 0.09183667885930571 -- Time (s): 85.91397428512573
18/18:	Train loss 0.08120700669415454 - Valid loss 0.09411502454310791 -- Time (s): 24.197893381118774
Epoch 3/5
1/18:	Train loss 0.07966669579967857 - Valid loss 0.09252941785337718 -- Time (s): 86.03975200653076
2/18:	Train loss 0.08078344291821123 - Valid loss 0.09323968602233826 -- Time (s): 84.95315027236938
3/18:	Train loss 0.07980868389271199 - Valid loss 0.0920028981484779 -- Time (s): 84.82509756088257
4/18:	Train loss 0.08231364510022104 - Valid loss 0.09398373275927213 -- Time (s): 83.83719444274902
5/18:	Train loss 0.08169972644001246 - Valid loss 0.0935667369973986 -- Time (s): 86.31164455413818
6/18:	Train loss 0.07915477305091917 - Valid loss 0.09321820351495046 -- Time (s): 86.16450190544128
7/18:	Train loss 0.08166837116517127 - Valid loss 0.09264651839047262 -- Time (s): 85.93075656890869
8/18:	Train loss 0.07888356691971421 - Valid loss 0.09169243362872567 -- Time (s): 86.03057432174683
9/18:	Train loss 0.07826257403939962 - Valid loss 0.09101165720521043 -- Time (s): 86.17789220809937
10/18:	Train loss 0.0791214688513428 - Valid loss 0.09153177454795468 -- Time (s): 86.4005880355835
11/18:	Train loss 0.07778634000383318 - Valid loss 0.09228904556363957 -- Time (s): 86.16546440124512
12/18:	Train loss 0.07904943343624472 - Valid loss 0.09118236164183921 -- Time (s): 86.28815913200378
13/18:	Train loss 0.07770312391407788 - Valid loss 0.09181133353206665 -- Time (s): 86.51546216011047
14/18:	Train loss 0.07891018803231419 - Valid loss 0.09144889542909518 -- Time (s): 86.26610517501831
15/18:	Train loss 0.07971717518568039 - Valid loss 0.09158258279572883 -- Time (s): 86.6677896976471
16/18:	Train loss 0.07819074310176075 - Valid loss 0.09152136410514242 -- Time (s): 86.13459992408752
17/18:	Train loss 0.0778790677189827 - Valid loss 0.09141189984330848 -- Time (s): 86.41231918334961
18/18:	Train loss 0.07841360446144925 - Valid loss 0.09154124250082665 -- Time (s): 24.20725417137146
Epoch 4/5
1/18:	Train loss 0.07409968087822198 - Valid loss 0.09178884221946812 -- Time (s): 86.28555202484131
2/18:	Train loss 0.07447281725332142 - Valid loss 0.09181275348004685 -- Time (s): 86.30841493606567
3/18:	Train loss 0.07539574117027223 - Valid loss 0.09276868636851714 -- Time (s): 86.34909772872925
4/18:	Train loss 0.0744217200819403 - Valid loss 0.09209811178856789 -- Time (s): 86.46320223808289
5/18:	Train loss 0.07615615412220358 - Valid loss 0.09221427700563109 -- Time (s): 85.92866849899292
6/18:	Train loss 0.07565314366482198 - Valid loss 0.0916492278819487 -- Time (s): 85.93576240539551
7/18:	Train loss 0.07485151671431958 - Valid loss 0.09187644374765218 -- Time (s): 85.6545798778534
8/18:	Train loss 0.07501751519180834 - Valid loss 0.09173866858084996 -- Time (s): 86.4438967704773
9/18:	Train loss 0.07589536778628826 - Valid loss 0.09216380604121784 -- Time (s): 86.36682224273682
10/18:	Train loss 0.075235938266851 - Valid loss 0.09169590542917927 -- Time (s): 86.32568979263306
11/18:	Train loss 0.07384011929109692 - Valid loss 0.09193182911842926 -- Time (s): 86.45409035682678
12/18:	Train loss 0.07579462851211428 - Valid loss 0.09221902402908835 -- Time (s): 86.15962600708008
13/18:	Train loss 0.07447069566696882 - Valid loss 0.09215376879934851 -- Time (s): 85.73194146156311
14/18:	Train loss 0.07344196774810553 - Valid loss 0.09222694727928127 -- Time (s): 86.2420117855072
15/18:	Train loss 0.0738056242186576 - Valid loss 0.09212499993032516 -- Time (s): 86.00456857681274
16/18:	Train loss 0.07623552650026977 - Valid loss 0.0920821480180847 -- Time (s): 86.05525994300842
17/18:	Train loss 0.07417766569554805 - Valid loss 0.09228303066569649 -- Time (s): 84.98560929298401
18/18:	Train loss 0.0720218249517394 - Valid loss 0.09208144180340581 -- Time (s): 23.95683264732361
Epoch 5/5
1/18:	Train loss 0.07390100299008191 - Valid loss 0.09177509827973092 -- Time (s): 84.86620593070984
2/18:	Train loss 0.07460391016304493 - Valid loss 0.09203671155386864 -- Time (s): 84.82080721855164
3/18:	Train loss 0.07468788390979171 - Valid loss 0.09253311820634424 -- Time (s): 84.21281886100769
4/18:	Train loss 0.07369053292274474 - Valid loss 0.09213030083130484 -- Time (s): 86.22522187232971
5/18:	Train loss 0.0749161992650479 - Valid loss 0.09183064075909793 -- Time (s): 86.10568618774414
6/18:	Train loss 0.07512520641833544 - Valid loss 0.09198761027153224 -- Time (s): 86.3250641822815
7/18:	Train loss 0.0754061001483351 - Valid loss 0.09245171849552082 -- Time (s): 86.02215480804443
8/18:	Train loss 0.07413085727766157 - Valid loss 0.09253852632424059 -- Time (s): 85.6612241268158
9/18:	Train loss 0.07333420547284186 - Valid loss 0.09225356311762714 -- Time (s): 85.1189513206482
10/18:	Train loss 0.07519551829621196 - Valid loss 0.09221611371833711 -- Time (s): 85.0285747051239
11/18:	Train loss 0.07358794094622136 - Valid loss 0.09184040394547867 -- Time (s): 84.44108033180237
12/18:	Train loss 0.07393269072379917 - Valid loss 0.09187848996966397 -- Time (s): 85.03333950042725
13/18:	Train loss 0.07441766830906273 - Valid loss 0.09184689397953416 -- Time (s): 86.26931071281433
14/18:	Train loss 0.0744976734817028 - Valid loss 0.09219559457272156 -- Time (s): 82.51861691474915
15/18:	Train loss 0.07402767130173743 - Valid loss 0.09274065715673308 -- Time (s): 81.56385397911072
